[0.040s] Invoking command in '/home/hjkim/ros2_control_ws/build/my_robot_description': CMAKE_PREFIX_PATH=${CMAKE_PREFIX_PATH}:/opt/ros/humble /usr/bin/cmake /home/hjkim/ros2_control_ws/src/my_robot_description -DAMENT_CMAKE_SYMLINK_INSTALL=1 -DCMAKE_INSTALL_PREFIX=/home/hjkim/ros2_control_ws/install/my_robot_description
[0.078s] -- The C compiler identification is GNU 11.4.0
[0.153s] -- The CXX compiler identification is GNU 11.4.0
[0.165s] -- Detecting C compiler ABI info
[0.224s] -- Detecting C compiler ABI info - done
[0.230s] -- Check for working C compiler: /usr/bin/cc - skipped
[0.230s] -- Detecting C compile features
[0.231s] -- Detecting C compile features - done
[0.233s] -- Detecting CXX compiler ABI info
[0.294s] -- Detecting CXX compiler ABI info - done
[0.300s] -- Check for working CXX compiler: /usr/bin/c++ - skipped
[0.300s] -- Detecting CXX compile features
[0.300s] -- Detecting CXX compile features - done
[0.303s] -- Found ament_cmake: 1.3.14 (/opt/ros/humble/share/ament_cmake/cmake)
[0.447s] -- Found Python3: /usr/bin/python3 (found version "3.10.12") found components: Interpreter 
[0.485s] -- Override CMake install command with custom implementation using symlinks instead of copying resources
[0.564s] -- Configuring done
[0.567s] -- Generating done
[0.568s] -- Build files have been written to: /home/hjkim/ros2_control_ws/build/my_robot_description
[0.572s] Invoked command in '/home/hjkim/ros2_control_ws/build/my_robot_description' returned '0': CMAKE_PREFIX_PATH=${CMAKE_PREFIX_PATH}:/opt/ros/humble /usr/bin/cmake /home/hjkim/ros2_control_ws/src/my_robot_description -DAMENT_CMAKE_SYMLINK_INSTALL=1 -DCMAKE_INSTALL_PREFIX=/home/hjkim/ros2_control_ws/install/my_robot_description
[0.572s] Invoking command in '/home/hjkim/ros2_control_ws/build/my_robot_description': CMAKE_PREFIX_PATH=${CMAKE_PREFIX_PATH}:/opt/ros/humble /usr/bin/cmake --build /home/hjkim/ros2_control_ws/build/my_robot_description -- -j4 -l4
[0.613s] Invoked command in '/home/hjkim/ros2_control_ws/build/my_robot_description' returned '0': CMAKE_PREFIX_PATH=${CMAKE_PREFIX_PATH}:/opt/ros/humble /usr/bin/cmake --build /home/hjkim/ros2_control_ws/build/my_robot_description -- -j4 -l4
[0.626s] Invoking command in '/home/hjkim/ros2_control_ws/build/my_robot_description': CMAKE_PREFIX_PATH=${CMAKE_PREFIX_PATH}:/opt/ros/humble /usr/bin/cmake --install /home/hjkim/ros2_control_ws/build/my_robot_description
[0.631s] -- Install configuration: ""
[0.631s] -- Execute custom install script
[0.633s] -- Symlinking: /home/hjkim/ros2_control_ws/install/my_robot_description/share/my_robot_description//urdf/common_properties.xacro
[0.638s] -- Symlinking: /home/hjkim/ros2_control_ws/install/my_robot_description/share/my_robot_description//urdf/mobile_base.ros2_control.xacro
[0.642s] -- Symlinking: /home/hjkim/ros2_control_ws/install/my_robot_description/share/my_robot_description//urdf/mobile_base.xacro
[0.646s] -- Symlinking: /home/hjkim/ros2_control_ws/install/my_robot_description/share/my_robot_description//urdf/my_robot.urdf.xacro
[0.651s] -- Symlinking: /home/hjkim/ros2_control_ws/install/my_robot_description/share/my_robot_description//launch/display.launch.py
[0.655s] -- Symlinking: /home/hjkim/ros2_control_ws/install/my_robot_description/share/my_robot_description//launch/display.launch.xml
[0.665s] -- Symlinking: /home/hjkim/ros2_control_ws/install/my_robot_description/share/my_robot_description//launch/rsp.launch.py
[0.670s] -- Symlinking: /home/hjkim/ros2_control_ws/install/my_robot_description/share/my_robot_description//rviz/urdf_config.rviz
[0.674s] -- Symlinking: /home/hjkim/ros2_control_ws/install/my_robot_description/share/ament_index/resource_index/package_run_dependencies/my_robot_description
[0.678s] -- Symlinking: /home/hjkim/ros2_control_ws/install/my_robot_description/share/ament_index/resource_index/parent_prefix_path/my_robot_description
[0.701s] -- Symlinking: /home/hjkim/ros2_control_ws/install/my_robot_description/share/my_robot_description/environment/ament_prefix_path.sh
[0.705s] -- Symlinking: /home/hjkim/ros2_control_ws/install/my_robot_description/share/my_robot_description/environment/ament_prefix_path.dsv
[0.716s] -- Symlinking: /home/hjkim/ros2_control_ws/install/my_robot_description/share/my_robot_description/environment/path.sh
[0.721s] -- Symlinking: /home/hjkim/ros2_control_ws/install/my_robot_description/share/my_robot_description/environment/path.dsv
[0.727s] -- Symlinking: /home/hjkim/ros2_control_ws/install/my_robot_description/share/my_robot_description/local_setup.bash
[0.744s] -- Symlinking: /home/hjkim/ros2_control_ws/install/my_robot_description/share/my_robot_description/local_setup.sh
[0.748s] -- Symlinking: /home/hjkim/ros2_control_ws/install/my_robot_description/share/my_robot_description/local_setup.zsh
[0.753s] -- Symlinking: /home/hjkim/ros2_control_ws/install/my_robot_description/share/my_robot_description/local_setup.dsv
[0.757s] -- Symlinking: /home/hjkim/ros2_control_ws/install/my_robot_description/share/my_robot_description/package.dsv
[0.761s] -- Symlinking: /home/hjkim/ros2_control_ws/install/my_robot_description/share/ament_index/resource_index/packages/my_robot_description
[0.766s] -- Symlinking: /home/hjkim/ros2_control_ws/install/my_robot_description/share/my_robot_description/cmake/my_robot_descriptionConfig.cmake
[0.777s] -- Symlinking: /home/hjkim/ros2_control_ws/install/my_robot_description/share/my_robot_description/cmake/my_robot_descriptionConfig-version.cmake
[0.786s] -- Symlinking: /home/hjkim/ros2_control_ws/install/my_robot_description/share/my_robot_description/package.xml
[0.801s] Invoked command in '/home/hjkim/ros2_control_ws/build/my_robot_description' returned '0': CMAKE_PREFIX_PATH=${CMAKE_PREFIX_PATH}:/opt/ros/humble /usr/bin/cmake --install /home/hjkim/ros2_control_ws/build/my_robot_description
