[0.009s] Invoking command in '/home/hjkim/ros2_control_ws/build/my_robot_description': CMAKE_PREFIX_PATH=${CMAKE_PREFIX_PATH}:/opt/ros/humble /usr/bin/cmake /home/hjkim/ros2_control_ws/src/my_robot_description -DCMAKE_INSTALL_PREFIX=/home/hjkim/ros2_control_ws/install/my_robot_description
[0.033s] -- Found ament_cmake: 1.3.14 (/opt/ros/humble/share/ament_cmake/cmake)
[0.109s] -- Override CMake install command with custom implementation using symlinks instead of copying resources
[0.170s] -- Configuring done
[0.174s] -- Generating done
[0.175s] -- Build files have been written to: /home/hjkim/ros2_control_ws/build/my_robot_description
[0.177s] Invoked command in '/home/hjkim/ros2_control_ws/build/my_robot_description' returned '0': CMAKE_PREFIX_PATH=${CMAKE_PREFIX_PATH}:/opt/ros/humble /usr/bin/cmake /home/hjkim/ros2_control_ws/src/my_robot_description -DCMAKE_INSTALL_PREFIX=/home/hjkim/ros2_control_ws/install/my_robot_description
[0.178s] Invoking command in '/home/hjkim/ros2_control_ws/build/my_robot_description': CMAKE_PREFIX_PATH=${CMAKE_PREFIX_PATH}:/opt/ros/humble /usr/bin/cmake --build /home/hjkim/ros2_control_ws/build/my_robot_description -- -j4 -l4
[0.196s] Invoked command in '/home/hjkim/ros2_control_ws/build/my_robot_description' returned '0': CMAKE_PREFIX_PATH=${CMAKE_PREFIX_PATH}:/opt/ros/humble /usr/bin/cmake --build /home/hjkim/ros2_control_ws/build/my_robot_description -- -j4 -l4
[0.201s] Invoking command in '/home/hjkim/ros2_control_ws/build/my_robot_description': CMAKE_PREFIX_PATH=${CMAKE_PREFIX_PATH}:/opt/ros/humble /usr/bin/cmake --install /home/hjkim/ros2_control_ws/build/my_robot_description
[0.204s] -- Install configuration: ""
[0.204s] -- Execute custom install script
[0.204s] -- Up-to-date symlink: /home/hjkim/ros2_control_ws/install/my_robot_description/share/my_robot_description//urdf/common_properties.xacro
[0.204s] -- Up-to-date symlink: /home/hjkim/ros2_control_ws/install/my_robot_description/share/my_robot_description//urdf/mobile_base.ros2_control.xacro
[0.205s] -- Up-to-date symlink: /home/hjkim/ros2_control_ws/install/my_robot_description/share/my_robot_description//urdf/mobile_base.xacro
[0.205s] -- Up-to-date symlink: /home/hjkim/ros2_control_ws/install/my_robot_description/share/my_robot_description//urdf/my_robot.urdf.xacro
[0.205s] -- Up-to-date symlink: /home/hjkim/ros2_control_ws/install/my_robot_description/share/my_robot_description//launch/display.launch.py
[0.205s] -- Up-to-date symlink: /home/hjkim/ros2_control_ws/install/my_robot_description/share/my_robot_description//launch/display.launch.xml
[0.205s] -- Up-to-date symlink: /home/hjkim/ros2_control_ws/install/my_robot_description/share/my_robot_description//launch/rsp.launch.py
[0.205s] -- Up-to-date symlink: /home/hjkim/ros2_control_ws/install/my_robot_description/share/my_robot_description//rviz/urdf_config.rviz
[0.205s] -- Up-to-date symlink: /home/hjkim/ros2_control_ws/install/my_robot_description/share/ament_index/resource_index/package_run_dependencies/my_robot_description
[0.206s] -- Up-to-date symlink: /home/hjkim/ros2_control_ws/install/my_robot_description/share/ament_index/resource_index/parent_prefix_path/my_robot_description
[0.206s] -- Up-to-date symlink: /home/hjkim/ros2_control_ws/install/my_robot_description/share/my_robot_description/environment/ament_prefix_path.sh
[0.206s] -- Up-to-date symlink: /home/hjkim/ros2_control_ws/install/my_robot_description/share/my_robot_description/environment/ament_prefix_path.dsv
[0.206s] -- Up-to-date symlink: /home/hjkim/ros2_control_ws/install/my_robot_description/share/my_robot_description/environment/path.sh
[0.206s] -- Up-to-date symlink: /home/hjkim/ros2_control_ws/install/my_robot_description/share/my_robot_description/environment/path.dsv
[0.206s] -- Up-to-date symlink: /home/hjkim/ros2_control_ws/install/my_robot_description/share/my_robot_description/local_setup.bash
[0.207s] -- Up-to-date symlink: /home/hjkim/ros2_control_ws/install/my_robot_description/share/my_robot_description/local_setup.sh
[0.207s] -- Up-to-date symlink: /home/hjkim/ros2_control_ws/install/my_robot_description/share/my_robot_description/local_setup.zsh
[0.207s] -- Up-to-date symlink: /home/hjkim/ros2_control_ws/install/my_robot_description/share/my_robot_description/local_setup.dsv
[0.207s] -- Symlinking: /home/hjkim/ros2_control_ws/install/my_robot_description/share/my_robot_description/package.dsv
[0.211s] -- Up-to-date symlink: /home/hjkim/ros2_control_ws/install/my_robot_description/share/ament_index/resource_index/packages/my_robot_description
[0.211s] -- Up-to-date symlink: /home/hjkim/ros2_control_ws/install/my_robot_description/share/my_robot_description/cmake/my_robot_descriptionConfig.cmake
[0.211s] -- Up-to-date symlink: /home/hjkim/ros2_control_ws/install/my_robot_description/share/my_robot_description/cmake/my_robot_descriptionConfig-version.cmake
[0.211s] -- Up-to-date symlink: /home/hjkim/ros2_control_ws/install/my_robot_description/share/my_robot_description/package.xml
[0.212s] Invoked command in '/home/hjkim/ros2_control_ws/build/my_robot_description' returned '0': CMAKE_PREFIX_PATH=${CMAKE_PREFIX_PATH}:/opt/ros/humble /usr/bin/cmake --install /home/hjkim/ros2_control_ws/build/my_robot_description
