[0.021s] Invoking command in '/home/hjkim/ros2_control_ws/build/my_robot_bringup': CMAKE_PREFIX_PATH=${CMAKE_PREFIX_PATH}:/opt/ros/humble /usr/bin/cmake /home/hjkim/ros2_control_ws/src/my_robot_bringup -DAMENT_CMAKE_SYMLINK_INSTALL=1 -DCMAKE_INSTALL_PREFIX=/home/hjkim/ros2_control_ws/install/my_robot_bringup
[0.097s] -- The C compiler identification is GNU 11.4.0
[0.133s] -- The CXX compiler identification is GNU 11.4.0
[0.137s] -- Detecting C compiler ABI info
[0.206s] -- Detecting C compiler ABI info - done
[0.212s] -- Check for working C compiler: /usr/bin/cc - skipped
[0.212s] -- Detecting C compile features
[0.212s] -- Detecting C compile features - done
[0.215s] -- Detecting CXX compiler ABI info
[0.334s] -- Detecting CXX compiler ABI info - done
[0.340s] -- Check for working CXX compiler: /usr/bin/c++ - skipped
[0.340s] -- Detecting CXX compile features
[0.346s] -- Detecting CXX compile features - done
[0.348s] -- Found ament_cmake: 1.3.14 (/opt/ros/humble/share/ament_cmake/cmake)
[0.525s] -- Found Python3: /usr/bin/python3 (found version "3.10.12") found components: Interpreter 
[0.565s] -- Override CMake install command with custom implementation using symlinks instead of copying resources
[0.644s] -- Configuring done
[0.646s] -- Generating done
[0.647s] -- Build files have been written to: /home/hjkim/ros2_control_ws/build/my_robot_bringup
[0.658s] Invoked command in '/home/hjkim/ros2_control_ws/build/my_robot_bringup' returned '0': CMAKE_PREFIX_PATH=${CMAKE_PREFIX_PATH}:/opt/ros/humble /usr/bin/cmake /home/hjkim/ros2_control_ws/src/my_robot_bringup -DAMENT_CMAKE_SYMLINK_INSTALL=1 -DCMAKE_INSTALL_PREFIX=/home/hjkim/ros2_control_ws/install/my_robot_bringup
[0.658s] Invoking command in '/home/hjkim/ros2_control_ws/build/my_robot_bringup': CMAKE_PREFIX_PATH=${CMAKE_PREFIX_PATH}:/opt/ros/humble /usr/bin/cmake --build /home/hjkim/ros2_control_ws/build/my_robot_bringup -- -j4 -l4
[0.695s] Invoked command in '/home/hjkim/ros2_control_ws/build/my_robot_bringup' returned '0': CMAKE_PREFIX_PATH=${CMAKE_PREFIX_PATH}:/opt/ros/humble /usr/bin/cmake --build /home/hjkim/ros2_control_ws/build/my_robot_bringup -- -j4 -l4
[0.696s] Invoking command in '/home/hjkim/ros2_control_ws/build/my_robot_bringup': CMAKE_PREFIX_PATH=${CMAKE_PREFIX_PATH}:/opt/ros/humble /usr/bin/cmake --install /home/hjkim/ros2_control_ws/build/my_robot_bringup
[0.702s] -- Install configuration: ""
[0.702s] -- Execute custom install script
[0.702s] -- Symlinking: /home/hjkim/ros2_control_ws/install/my_robot_bringup/share/my_robot_bringup//config/my_robot_controller.yaml
[0.710s] -- Symlinking: /home/hjkim/ros2_control_ws/install/my_robot_bringup/share/ament_index/resource_index/package_run_dependencies/my_robot_bringup
[0.714s] -- Symlinking: /home/hjkim/ros2_control_ws/install/my_robot_bringup/share/ament_index/resource_index/parent_prefix_path/my_robot_bringup
[0.722s] -- Symlinking: /home/hjkim/ros2_control_ws/install/my_robot_bringup/share/my_robot_bringup/environment/ament_prefix_path.sh
[0.726s] -- Symlinking: /home/hjkim/ros2_control_ws/install/my_robot_bringup/share/my_robot_bringup/environment/ament_prefix_path.dsv
[0.729s] -- Symlinking: /home/hjkim/ros2_control_ws/install/my_robot_bringup/share/my_robot_bringup/environment/path.sh
[0.733s] -- Symlinking: /home/hjkim/ros2_control_ws/install/my_robot_bringup/share/my_robot_bringup/environment/path.dsv
[0.737s] -- Symlinking: /home/hjkim/ros2_control_ws/install/my_robot_bringup/share/my_robot_bringup/local_setup.bash
[0.741s] -- Symlinking: /home/hjkim/ros2_control_ws/install/my_robot_bringup/share/my_robot_bringup/local_setup.sh
[0.765s] -- Symlinking: /home/hjkim/ros2_control_ws/install/my_robot_bringup/share/my_robot_bringup/local_setup.zsh
[0.772s] -- Symlinking: /home/hjkim/ros2_control_ws/install/my_robot_bringup/share/my_robot_bringup/local_setup.dsv
[0.776s] -- Symlinking: /home/hjkim/ros2_control_ws/install/my_robot_bringup/share/my_robot_bringup/package.dsv
[0.783s] -- Symlinking: /home/hjkim/ros2_control_ws/install/my_robot_bringup/share/ament_index/resource_index/packages/my_robot_bringup
[0.792s] -- Symlinking: /home/hjkim/ros2_control_ws/install/my_robot_bringup/share/my_robot_bringup/cmake/my_robot_bringupConfig.cmake
[0.803s] -- Symlinking: /home/hjkim/ros2_control_ws/install/my_robot_bringup/share/my_robot_bringup/cmake/my_robot_bringupConfig-version.cmake
[0.811s] -- Symlinking: /home/hjkim/ros2_control_ws/install/my_robot_bringup/share/my_robot_bringup/package.xml
[0.822s] Invoked command in '/home/hjkim/ros2_control_ws/build/my_robot_bringup' returned '0': CMAKE_PREFIX_PATH=${CMAKE_PREFIX_PATH}:/opt/ros/humble /usr/bin/cmake --install /home/hjkim/ros2_control_ws/build/my_robot_bringup
