[0.005s] Invoking command in '/home/hjkim/ros2_control_ws/build/my_robot_bringup': CMAKE_PREFIX_PATH=${CMAKE_PREFIX_PATH}:/opt/ros/humble /usr/bin/cmake /home/hjkim/ros2_control_ws/src/my_robot_bringup -DCMAKE_INSTALL_PREFIX=/home/hjkim/ros2_control_ws/install/my_robot_bringup
[0.013s] -- Found ament_cmake: 1.3.14 (/opt/ros/humble/share/ament_cmake/cmake)
[0.083s] -- Override CMake install command with custom implementation using symlinks instead of copying resources
[0.128s] -- Configuring done
[0.131s] -- Generating done
[0.132s] -- Build files have been written to: /home/hjkim/ros2_control_ws/build/my_robot_bringup
[0.134s] Invoked command in '/home/hjkim/ros2_control_ws/build/my_robot_bringup' returned '0': CMAKE_PREFIX_PATH=${CMAKE_PREFIX_PATH}:/opt/ros/humble /usr/bin/cmake /home/hjkim/ros2_control_ws/src/my_robot_bringup -DCMAKE_INSTALL_PREFIX=/home/hjkim/ros2_control_ws/install/my_robot_bringup
[0.135s] Invoking command in '/home/hjkim/ros2_control_ws/build/my_robot_bringup': CMAKE_PREFIX_PATH=${CMAKE_PREFIX_PATH}:/opt/ros/humble /usr/bin/cmake --build /home/hjkim/ros2_control_ws/build/my_robot_bringup -- -j4 -l4
[0.154s] Invoked command in '/home/hjkim/ros2_control_ws/build/my_robot_bringup' returned '0': CMAKE_PREFIX_PATH=${CMAKE_PREFIX_PATH}:/opt/ros/humble /usr/bin/cmake --build /home/hjkim/ros2_control_ws/build/my_robot_bringup -- -j4 -l4
[0.156s] Invoking command in '/home/hjkim/ros2_control_ws/build/my_robot_bringup': CMAKE_PREFIX_PATH=${CMAKE_PREFIX_PATH}:/opt/ros/humble /usr/bin/cmake --install /home/hjkim/ros2_control_ws/build/my_robot_bringup
[0.159s] -- Install configuration: ""
[0.160s] -- Execute custom install script
[0.160s] -- Up-to-date symlink: /home/hjkim/ros2_control_ws/install/my_robot_bringup/share/my_robot_bringup//config/my_robot_controller.yaml
[0.160s] -- Symlinking: /home/hjkim/ros2_control_ws/install/my_robot_bringup/share/my_robot_bringup//launch/my_robot.launch.xml
[0.164s] -- Up-to-date symlink: /home/hjkim/ros2_control_ws/install/my_robot_bringup/share/ament_index/resource_index/package_run_dependencies/my_robot_bringup
[0.165s] -- Up-to-date symlink: /home/hjkim/ros2_control_ws/install/my_robot_bringup/share/ament_index/resource_index/parent_prefix_path/my_robot_bringup
[0.165s] -- Up-to-date symlink: /home/hjkim/ros2_control_ws/install/my_robot_bringup/share/my_robot_bringup/environment/ament_prefix_path.sh
[0.166s] -- Up-to-date symlink: /home/hjkim/ros2_control_ws/install/my_robot_bringup/share/my_robot_bringup/environment/ament_prefix_path.dsv
[0.166s] -- Up-to-date symlink: /home/hjkim/ros2_control_ws/install/my_robot_bringup/share/my_robot_bringup/environment/path.sh
[0.166s] -- Up-to-date symlink: /home/hjkim/ros2_control_ws/install/my_robot_bringup/share/my_robot_bringup/environment/path.dsv
[0.166s] -- Up-to-date symlink: /home/hjkim/ros2_control_ws/install/my_robot_bringup/share/my_robot_bringup/local_setup.bash
[0.166s] -- Up-to-date symlink: /home/hjkim/ros2_control_ws/install/my_robot_bringup/share/my_robot_bringup/local_setup.sh
[0.167s] -- Up-to-date symlink: /home/hjkim/ros2_control_ws/install/my_robot_bringup/share/my_robot_bringup/local_setup.zsh
[0.167s] -- Up-to-date symlink: /home/hjkim/ros2_control_ws/install/my_robot_bringup/share/my_robot_bringup/local_setup.dsv
[0.167s] -- Symlinking: /home/hjkim/ros2_control_ws/install/my_robot_bringup/share/my_robot_bringup/package.dsv
[0.170s] -- Up-to-date symlink: /home/hjkim/ros2_control_ws/install/my_robot_bringup/share/ament_index/resource_index/packages/my_robot_bringup
[0.171s] -- Up-to-date symlink: /home/hjkim/ros2_control_ws/install/my_robot_bringup/share/my_robot_bringup/cmake/my_robot_bringupConfig.cmake
[0.171s] -- Up-to-date symlink: /home/hjkim/ros2_control_ws/install/my_robot_bringup/share/my_robot_bringup/cmake/my_robot_bringupConfig-version.cmake
[0.171s] -- Up-to-date symlink: /home/hjkim/ros2_control_ws/install/my_robot_bringup/share/my_robot_bringup/package.xml
[0.172s] Invoked command in '/home/hjkim/ros2_control_ws/build/my_robot_bringup' returned '0': CMAKE_PREFIX_PATH=${CMAKE_PREFIX_PATH}:/opt/ros/humble /usr/bin/cmake --install /home/hjkim/ros2_control_ws/build/my_robot_bringup
